{"C:\\Users\\AniruthXiLOQ\\Desktop\\helpdesk-ticket\\helpdesk-backend\\src\\controllers\\admin.controller.js": {"path":"C:\\Users\\AniruthXiLOQ\\Desktop\\helpdesk-ticket\\helpdesk-backend\\src\\controllers\\admin.controller.js","statementMap":{"0":{"start":{"line":2,"column":13},"end":{"line":2,"column":44}},"1":{"start":{"line":3,"column":15},"end":{"line":3,"column":48}},"2":{"start":{"line":5,"column":24},"end":{"line":146,"column":1}},"3":{"start":{"line":8,"column":4},"end":{"line":18,"column":5}},"4":{"start":{"line":9,"column":22},"end":{"line":11,"column":36}},"5":{"start":{"line":13,"column":8},"end":{"line":13,"column":45}},"6":{"start":{"line":14,"column":8},"end":{"line":14,"column":34}},"7":{"start":{"line":16,"column":8},"end":{"line":16,"column":50}},"8":{"start":{"line":17,"column":8},"end":{"line":17,"column":55}},"9":{"start":{"line":23,"column":4},"end":{"line":52,"column":5}},"10":{"start":{"line":24,"column":19},"end":{"line":24,"column":73}},"11":{"start":{"line":25,"column":6},"end":{"line":27,"column":7}},"12":{"start":{"line":26,"column":8},"end":{"line":26,"column":65}},"13":{"start":{"line":30,"column":20},"end":{"line":38,"column":8}},"14":{"start":{"line":41,"column":26},"end":{"line":44,"column":12}},"15":{"start":{"line":42,"column":8},"end":{"line":42,"column":35}},"16":{"start":{"line":43,"column":8},"end":{"line":43,"column":19}},"17":{"start":{"line":46,"column":6},"end":{"line":49,"column":9}},"18":{"start":{"line":51,"column":6},"end":{"line":51,"column":53}},"19":{"start":{"line":57,"column":4},"end":{"line":76,"column":5}},"20":{"start":{"line":58,"column":23},"end":{"line":58,"column":31}},"21":{"start":{"line":59,"column":6},"end":{"line":61,"column":7}},"22":{"start":{"line":60,"column":8},"end":{"line":60,"column":63}},"23":{"start":{"line":63,"column":19},"end":{"line":67,"column":27}},"24":{"start":{"line":69,"column":6},"end":{"line":71,"column":7}},"25":{"start":{"line":70,"column":8},"end":{"line":70,"column":65}},"26":{"start":{"line":73,"column":6},"end":{"line":73,"column":21}},"27":{"start":{"line":75,"column":6},"end":{"line":75,"column":53}},"28":{"start":{"line":81,"column":4},"end":{"line":97,"column":5}},"29":{"start":{"line":82,"column":27},"end":{"line":82,"column":35}},"30":{"start":{"line":84,"column":19},"end":{"line":88,"column":27}},"31":{"start":{"line":90,"column":6},"end":{"line":92,"column":7}},"32":{"start":{"line":91,"column":8},"end":{"line":91,"column":65}},"33":{"start":{"line":94,"column":6},"end":{"line":94,"column":21}},"34":{"start":{"line":96,"column":6},"end":{"line":96,"column":53}},"35":{"start":{"line":102,"column":4},"end":{"line":110,"column":5}},"36":{"start":{"line":103,"column":22},"end":{"line":105,"column":32}},"37":{"start":{"line":107,"column":6},"end":{"line":107,"column":24}},"38":{"start":{"line":109,"column":6},"end":{"line":109,"column":53}},"39":{"start":{"line":115,"column":4},"end":{"line":144,"column":5}},"40":{"start":{"line":116,"column":20},"end":{"line":118,"column":12}},"41":{"start":{"line":120,"column":43},"end":{"line":129,"column":8}},"42":{"start":{"line":131,"column":6},"end":{"line":140,"column":9}},"43":{"start":{"line":133,"column":10},"end":{"line":133,"column":37}},"44":{"start":{"line":134,"column":10},"end":{"line":134,"column":21}},"45":{"start":{"line":137,"column":10},"end":{"line":137,"column":37}},"46":{"start":{"line":138,"column":10},"end":{"line":138,"column":21}},"47":{"start":{"line":142,"column":6},"end":{"line":142,"column":47}},"48":{"start":{"line":143,"column":6},"end":{"line":143,"column":53}},"49":{"start":{"line":148,"column":0},"end":{"line":148,"column":33}}},"fnMap":{"0":{"name":"(anonymous_0)","decl":{"start":{"line":7,"column":2},"end":{"line":7,"column":3}},"loc":{"start":{"line":7,"column":27},"end":{"line":19,"column":1}},"line":7},"1":{"name":"(anonymous_1)","decl":{"start":{"line":22,"column":2},"end":{"line":22,"column":3}},"loc":{"start":{"line":22,"column":33},"end":{"line":53,"column":3}},"line":22},"2":{"name":"(anonymous_2)","decl":{"start":{"line":41,"column":39},"end":{"line":41,"column":40}},"loc":{"start":{"line":41,"column":54},"end":{"line":44,"column":7}},"line":41},"3":{"name":"(anonymous_3)","decl":{"start":{"line":56,"column":2},"end":{"line":56,"column":3}},"loc":{"start":{"line":56,"column":33},"end":{"line":77,"column":3}},"line":56},"4":{"name":"(anonymous_4)","decl":{"start":{"line":80,"column":2},"end":{"line":80,"column":3}},"loc":{"start":{"line":80,"column":35},"end":{"line":98,"column":3}},"line":80},"5":{"name":"(anonymous_5)","decl":{"start":{"line":101,"column":2},"end":{"line":101,"column":3}},"loc":{"start":{"line":101,"column":33},"end":{"line":111,"column":3}},"line":101},"6":{"name":"(anonymous_6)","decl":{"start":{"line":114,"column":2},"end":{"line":114,"column":3}},"loc":{"start":{"line":114,"column":27},"end":{"line":145,"column":3}},"line":114},"7":{"name":"(anonymous_7)","decl":{"start":{"line":132,"column":40},"end":{"line":132,"column":41}},"loc":{"start":{"line":132,"column":55},"end":{"line":135,"column":9}},"line":132},"8":{"name":"(anonymous_8)","decl":{"start":{"line":136,"column":44},"end":{"line":136,"column":45}},"loc":{"start":{"line":136,"column":59},"end":{"line":139,"column":9}},"line":136}},"branchMap":{"0":{"loc":{"start":{"line":25,"column":6},"end":{"line":27,"column":7}},"type":"if","locations":[{"start":{"line":25,"column":6},"end":{"line":27,"column":7}},{"start":{},"end":{}}],"line":25},"1":{"loc":{"start":{"line":59,"column":6},"end":{"line":61,"column":7}},"type":"if","locations":[{"start":{"line":59,"column":6},"end":{"line":61,"column":7}},{"start":{},"end":{}}],"line":59},"2":{"loc":{"start":{"line":69,"column":6},"end":{"line":71,"column":7}},"type":"if","locations":[{"start":{"line":69,"column":6},"end":{"line":71,"column":7}},{"start":{},"end":{}}],"line":69},"3":{"loc":{"start":{"line":90,"column":6},"end":{"line":92,"column":7}},"type":"if","locations":[{"start":{"line":90,"column":6},"end":{"line":92,"column":7}},{"start":{},"end":{}}],"line":90},"4":{"loc":{"start":{"line":116,"column":20},"end":{"line":118,"column":12}},"type":"cond-expr","locations":[{"start":{"line":117,"column":10},"end":{"line":117,"column":37}},{"start":{"line":118,"column":10},"end":{"line":118,"column":12}}],"line":116}},"s":{"0":2,"1":2,"2":2,"3":0,"4":0,"5":0,"6":0,"7":0,"8":0,"9":0,"10":0,"11":0,"12":0,"13":0,"14":0,"15":0,"16":0,"17":0,"18":0,"19":0,"20":0,"21":0,"22":0,"23":0,"24":0,"25":0,"26":0,"27":0,"28":0,"29":0,"30":0,"31":0,"32":0,"33":0,"34":0,"35":0,"36":0,"37":0,"38":0,"39":0,"40":0,"41":0,"42":0,"43":0,"44":0,"45":0,"46":0,"47":0,"48":0,"49":2},"f":{"0":0,"1":0,"2":0,"3":0,"4":0,"5":0,"6":0,"7":0,"8":0},"b":{"0":[0,0],"1":[0,0],"2":[0,0],"3":[0,0],"4":[0,0]},"_coverageSchema":"1a1c01bbd47fc00a2c39e90264f33305004495a9","hash":"f6955b735470f8246581376f7fda1509511d1b81"}
,"C:\\Users\\AniruthXiLOQ\\Desktop\\helpdesk-ticket\\helpdesk-backend\\src\\controllers\\ticket.controller.js": {"path":"C:\\Users\\AniruthXiLOQ\\Desktop\\helpdesk-ticket\\helpdesk-backend\\src\\controllers\\ticket.controller.js","statementMap":{"0":{"start":{"line":2,"column":15},"end":{"line":2,"column":48}},"1":{"start":{"line":4,"column":25},"end":{"line":193,"column":1}},"2":{"start":{"line":7,"column":4},"end":{"line":22,"column":5}},"3":{"start":{"line":8,"column":21},"end":{"line":11,"column":8}},"4":{"start":{"line":13,"column":6},"end":{"line":13,"column":26}},"5":{"start":{"line":16,"column":6},"end":{"line":16,"column":59}},"6":{"start":{"line":18,"column":6},"end":{"line":18,"column":35}},"7":{"start":{"line":20,"column":6},"end":{"line":20,"column":51}},"8":{"start":{"line":21,"column":6},"end":{"line":21,"column":53}},"9":{"start":{"line":27,"column":4},"end":{"line":68,"column":5}},"10":{"start":{"line":28,"column":75},"end":{"line":28,"column":84}},"11":{"start":{"line":31,"column":20},"end":{"line":31,"column":22}},"12":{"start":{"line":33,"column":6},"end":{"line":33,"column":40}},"13":{"start":{"line":33,"column":18},"end":{"line":33,"column":40}},"14":{"start":{"line":34,"column":6},"end":{"line":34,"column":46}},"15":{"start":{"line":34,"column":20},"end":{"line":34,"column":46}},"16":{"start":{"line":35,"column":6},"end":{"line":35,"column":46}},"17":{"start":{"line":35,"column":20},"end":{"line":35,"column":46}},"18":{"start":{"line":38,"column":6},"end":{"line":43,"column":7}},"19":{"start":{"line":39,"column":8},"end":{"line":42,"column":10}},"20":{"start":{"line":46,"column":6},"end":{"line":51,"column":7}},"21":{"start":{"line":47,"column":8},"end":{"line":50,"column":10}},"22":{"start":{"line":53,"column":22},"end":{"line":56,"column":32}},"23":{"start":{"line":60,"column":6},"end":{"line":60,"column":45}},"24":{"start":{"line":63,"column":6},"end":{"line":63,"column":24}},"25":{"start":{"line":66,"column":6},"end":{"line":66,"column":49}},"26":{"start":{"line":67,"column":6},"end":{"line":67,"column":53}},"27":{"start":{"line":73,"column":4},"end":{"line":94,"column":5}},"28":{"start":{"line":74,"column":21},"end":{"line":77,"column":52}},"29":{"start":{"line":79,"column":6},"end":{"line":81,"column":7}},"30":{"start":{"line":80,"column":8},"end":{"line":80,"column":67}},"31":{"start":{"line":84,"column":6},"end":{"line":88,"column":7}},"32":{"start":{"line":87,"column":8},"end":{"line":87,"column":64}},"33":{"start":{"line":90,"column":6},"end":{"line":90,"column":23}},"34":{"start":{"line":92,"column":6},"end":{"line":92,"column":48}},"35":{"start":{"line":93,"column":6},"end":{"line":93,"column":53}},"36":{"start":{"line":99,"column":4},"end":{"line":133,"column":5}},"37":{"start":{"line":100,"column":21},"end":{"line":100,"column":57}},"38":{"start":{"line":102,"column":6},"end":{"line":104,"column":7}},"39":{"start":{"line":103,"column":8},"end":{"line":103,"column":67}},"40":{"start":{"line":107,"column":6},"end":{"line":111,"column":7}},"41":{"start":{"line":110,"column":8},"end":{"line":110,"column":64}},"42":{"start":{"line":114,"column":6},"end":{"line":116,"column":7}},"43":{"start":{"line":115,"column":8},"end":{"line":115,"column":41}},"44":{"start":{"line":117,"column":6},"end":{"line":119,"column":7}},"45":{"start":{"line":118,"column":8},"end":{"line":118,"column":39}},"46":{"start":{"line":121,"column":28},"end":{"line":127,"column":47}},"47":{"start":{"line":129,"column":6},"end":{"line":129,"column":30}},"48":{"start":{"line":131,"column":6},"end":{"line":131,"column":51}},"49":{"start":{"line":132,"column":6},"end":{"line":132,"column":53}},"50":{"start":{"line":138,"column":4},"end":{"line":157,"column":5}},"51":{"start":{"line":139,"column":21},"end":{"line":139,"column":57}},"52":{"start":{"line":141,"column":6},"end":{"line":143,"column":7}},"53":{"start":{"line":142,"column":8},"end":{"line":142,"column":67}},"54":{"start":{"line":145,"column":6},"end":{"line":148,"column":9}},"55":{"start":{"line":150,"column":6},"end":{"line":150,"column":26}},"56":{"start":{"line":151,"column":6},"end":{"line":151,"column":63}},"57":{"start":{"line":153,"column":6},"end":{"line":153,"column":23}},"58":{"start":{"line":155,"column":6},"end":{"line":155,"column":49}},"59":{"start":{"line":156,"column":6},"end":{"line":156,"column":53}},"60":{"start":{"line":162,"column":4},"end":{"line":191,"column":5}},"61":{"start":{"line":163,"column":20},"end":{"line":165,"column":12}},"62":{"start":{"line":167,"column":43},"end":{"line":176,"column":8}},"63":{"start":{"line":178,"column":6},"end":{"line":187,"column":9}},"64":{"start":{"line":180,"column":10},"end":{"line":180,"column":37}},"65":{"start":{"line":181,"column":10},"end":{"line":181,"column":21}},"66":{"start":{"line":184,"column":10},"end":{"line":184,"column":37}},"67":{"start":{"line":185,"column":10},"end":{"line":185,"column":21}},"68":{"start":{"line":189,"column":6},"end":{"line":189,"column":47}},"69":{"start":{"line":190,"column":6},"end":{"line":190,"column":53}},"70":{"start":{"line":195,"column":21},"end":{"line":227,"column":1}},"71":{"start":{"line":196,"column":2},"end":{"line":226,"column":3}},"72":{"start":{"line":197,"column":23},"end":{"line":197,"column":31}},"73":{"start":{"line":198,"column":21},"end":{"line":198,"column":34}},"74":{"start":{"line":201,"column":19},"end":{"line":201,"column":50}},"75":{"start":{"line":202,"column":4},"end":{"line":204,"column":5}},"76":{"start":{"line":203,"column":6},"end":{"line":203,"column":65}},"77":{"start":{"line":207,"column":17},"end":{"line":207,"column":44}},"78":{"start":{"line":208,"column":4},"end":{"line":210,"column":5}},"79":{"start":{"line":209,"column":6},"end":{"line":209,"column":63}},"80":{"start":{"line":213,"column":4},"end":{"line":213,"column":31}},"81":{"start":{"line":214,"column":4},"end":{"line":214,"column":35}},"82":{"start":{"line":215,"column":4},"end":{"line":215,"column":31}},"83":{"start":{"line":216,"column":4},"end":{"line":216,"column":24}},"84":{"start":{"line":222,"column":4},"end":{"line":222,"column":58}},"85":{"start":{"line":223,"column":4},"end":{"line":223,"column":21}},"86":{"start":{"line":225,"column":4},"end":{"line":225,"column":51}},"87":{"start":{"line":229,"column":23},"end":{"line":247,"column":1}},"88":{"start":{"line":230,"column":2},"end":{"line":246,"column":3}},"89":{"start":{"line":231,"column":21},"end":{"line":231,"column":34}},"90":{"start":{"line":233,"column":19},"end":{"line":233,"column":50}},"91":{"start":{"line":234,"column":4},"end":{"line":236,"column":5}},"92":{"start":{"line":235,"column":6},"end":{"line":235,"column":65}},"93":{"start":{"line":238,"column":4},"end":{"line":238,"column":29}},"94":{"start":{"line":239,"column":4},"end":{"line":239,"column":29}},"95":{"start":{"line":240,"column":4},"end":{"line":240,"column":30}},"96":{"start":{"line":241,"column":4},"end":{"line":241,"column":24}},"97":{"start":{"line":243,"column":4},"end":{"line":243,"column":21}},"98":{"start":{"line":245,"column":4},"end":{"line":245,"column":51}},"99":{"start":{"line":249,"column":23},"end":{"line":272,"column":1}},"100":{"start":{"line":250,"column":2},"end":{"line":271,"column":3}},"101":{"start":{"line":251,"column":25},"end":{"line":251,"column":33}},"102":{"start":{"line":252,"column":21},"end":{"line":252,"column":34}},"103":{"start":{"line":254,"column":4},"end":{"line":256,"column":5}},"104":{"start":{"line":255,"column":6},"end":{"line":255,"column":71}},"105":{"start":{"line":258,"column":19},"end":{"line":262,"column":46}},"106":{"start":{"line":264,"column":4},"end":{"line":266,"column":5}},"107":{"start":{"line":265,"column":6},"end":{"line":265,"column":65}},"108":{"start":{"line":268,"column":4},"end":{"line":268,"column":21}},"109":{"start":{"line":270,"column":4},"end":{"line":270,"column":51}},"110":{"start":{"line":274,"column":0},"end":{"line":279,"column":2}}},"fnMap":{"0":{"name":"(anonymous_0)","decl":{"start":{"line":6,"column":2},"end":{"line":6,"column":3}},"loc":{"start":{"line":6,"column":25},"end":{"line":23,"column":3}},"line":6},"1":{"name":"(anonymous_1)","decl":{"start":{"line":26,"column":2},"end":{"line":26,"column":3}},"loc":{"start":{"line":26,"column":25},"end":{"line":69,"column":3}},"line":26},"2":{"name":"(anonymous_2)","decl":{"start":{"line":72,"column":2},"end":{"line":72,"column":3}},"loc":{"start":{"line":72,"column":25},"end":{"line":95,"column":3}},"line":72},"3":{"name":"(anonymous_3)","decl":{"start":{"line":98,"column":2},"end":{"line":98,"column":3}},"loc":{"start":{"line":98,"column":25},"end":{"line":134,"column":3}},"line":98},"4":{"name":"(anonymous_4)","decl":{"start":{"line":137,"column":2},"end":{"line":137,"column":3}},"loc":{"start":{"line":137,"column":29},"end":{"line":158,"column":3}},"line":137},"5":{"name":"(anonymous_5)","decl":{"start":{"line":161,"column":2},"end":{"line":161,"column":3}},"loc":{"start":{"line":161,"column":27},"end":{"line":192,"column":3}},"line":161},"6":{"name":"(anonymous_6)","decl":{"start":{"line":179,"column":40},"end":{"line":179,"column":41}},"loc":{"start":{"line":179,"column":55},"end":{"line":182,"column":9}},"line":179},"7":{"name":"(anonymous_7)","decl":{"start":{"line":183,"column":44},"end":{"line":183,"column":45}},"loc":{"start":{"line":183,"column":59},"end":{"line":186,"column":9}},"line":183},"8":{"name":"(anonymous_8)","decl":{"start":{"line":195,"column":21},"end":{"line":195,"column":22}},"loc":{"start":{"line":195,"column":41},"end":{"line":227,"column":1}},"line":195},"9":{"name":"(anonymous_9)","decl":{"start":{"line":229,"column":23},"end":{"line":229,"column":24}},"loc":{"start":{"line":229,"column":43},"end":{"line":247,"column":1}},"line":229},"10":{"name":"(anonymous_10)","decl":{"start":{"line":249,"column":23},"end":{"line":249,"column":24}},"loc":{"start":{"line":249,"column":43},"end":{"line":272,"column":1}},"line":249}},"branchMap":{"0":{"loc":{"start":{"line":28,"column":50},"end":{"line":28,"column":58}},"type":"default-arg","locations":[{"start":{"line":28,"column":57},"end":{"line":28,"column":58}}],"line":28},"1":{"loc":{"start":{"line":28,"column":60},"end":{"line":28,"column":70}},"type":"default-arg","locations":[{"start":{"line":28,"column":68},"end":{"line":28,"column":70}}],"line":28},"2":{"loc":{"start":{"line":33,"column":6},"end":{"line":33,"column":40}},"type":"if","locations":[{"start":{"line":33,"column":6},"end":{"line":33,"column":40}},{"start":{},"end":{}}],"line":33},"3":{"loc":{"start":{"line":34,"column":6},"end":{"line":34,"column":46}},"type":"if","locations":[{"start":{"line":34,"column":6},"end":{"line":34,"column":46}},{"start":{},"end":{}}],"line":34},"4":{"loc":{"start":{"line":35,"column":6},"end":{"line":35,"column":46}},"type":"if","locations":[{"start":{"line":35,"column":6},"end":{"line":35,"column":46}},{"start":{},"end":{}}],"line":35},"5":{"loc":{"start":{"line":38,"column":6},"end":{"line":43,"column":7}},"type":"if","locations":[{"start":{"line":38,"column":6},"end":{"line":43,"column":7}},{"start":{},"end":{}}],"line":38},"6":{"loc":{"start":{"line":46,"column":6},"end":{"line":51,"column":7}},"type":"if","locations":[{"start":{"line":46,"column":6},"end":{"line":51,"column":7}},{"start":{},"end":{}}],"line":46},"7":{"loc":{"start":{"line":79,"column":6},"end":{"line":81,"column":7}},"type":"if","locations":[{"start":{"line":79,"column":6},"end":{"line":81,"column":7}},{"start":{},"end":{}}],"line":79},"8":{"loc":{"start":{"line":84,"column":6},"end":{"line":88,"column":7}},"type":"if","locations":[{"start":{"line":84,"column":6},"end":{"line":88,"column":7}},{"start":{},"end":{}}],"line":84},"9":{"loc":{"start":{"line":84,"column":10},"end":{"line":86,"column":94}},"type":"binary-expr","locations":[{"start":{"line":84,"column":10},"end":{"line":84,"column":35}},{"start":{"line":85,"column":10},"end":{"line":85,"column":69}},{"start":{"line":86,"column":11},"end":{"line":86,"column":29}},{"start":{"line":86,"column":33},"end":{"line":86,"column":93}}],"line":84},"10":{"loc":{"start":{"line":102,"column":6},"end":{"line":104,"column":7}},"type":"if","locations":[{"start":{"line":102,"column":6},"end":{"line":104,"column":7}},{"start":{},"end":{}}],"line":102},"11":{"loc":{"start":{"line":107,"column":6},"end":{"line":111,"column":7}},"type":"if","locations":[{"start":{"line":107,"column":6},"end":{"line":111,"column":7}},{"start":{},"end":{}}],"line":107},"12":{"loc":{"start":{"line":107,"column":10},"end":{"line":109,"column":90}},"type":"binary-expr","locations":[{"start":{"line":107,"column":10},"end":{"line":107,"column":35}},{"start":{"line":108,"column":10},"end":{"line":108,"column":65}},{"start":{"line":109,"column":11},"end":{"line":109,"column":29}},{"start":{"line":109,"column":33},"end":{"line":109,"column":89}}],"line":107},"13":{"loc":{"start":{"line":114,"column":6},"end":{"line":116,"column":7}},"type":"if","locations":[{"start":{"line":114,"column":6},"end":{"line":116,"column":7}},{"start":{},"end":{}}],"line":114},"14":{"loc":{"start":{"line":114,"column":10},"end":{"line":114,"column":72}},"type":"binary-expr","locations":[{"start":{"line":114,"column":10},"end":{"line":114,"column":40}},{"start":{"line":114,"column":44},"end":{"line":114,"column":72}}],"line":114},"15":{"loc":{"start":{"line":117,"column":6},"end":{"line":119,"column":7}},"type":"if","locations":[{"start":{"line":117,"column":6},"end":{"line":119,"column":7}},{"start":{},"end":{}}],"line":117},"16":{"loc":{"start":{"line":117,"column":10},"end":{"line":117,"column":68}},"type":"binary-expr","locations":[{"start":{"line":117,"column":10},"end":{"line":117,"column":38}},{"start":{"line":117,"column":42},"end":{"line":117,"column":68}}],"line":117},"17":{"loc":{"start":{"line":141,"column":6},"end":{"line":143,"column":7}},"type":"if","locations":[{"start":{"line":141,"column":6},"end":{"line":143,"column":7}},{"start":{},"end":{}}],"line":141},"18":{"loc":{"start":{"line":163,"column":20},"end":{"line":165,"column":12}},"type":"cond-expr","locations":[{"start":{"line":164,"column":10},"end":{"line":164,"column":37}},{"start":{"line":165,"column":10},"end":{"line":165,"column":12}}],"line":163},"19":{"loc":{"start":{"line":202,"column":4},"end":{"line":204,"column":5}},"type":"if","locations":[{"start":{"line":202,"column":4},"end":{"line":204,"column":5}},{"start":{},"end":{}}],"line":202},"20":{"loc":{"start":{"line":208,"column":4},"end":{"line":210,"column":5}},"type":"if","locations":[{"start":{"line":208,"column":4},"end":{"line":210,"column":5}},{"start":{},"end":{}}],"line":208},"21":{"loc":{"start":{"line":234,"column":4},"end":{"line":236,"column":5}},"type":"if","locations":[{"start":{"line":234,"column":4},"end":{"line":236,"column":5}},{"start":{},"end":{}}],"line":234},"22":{"loc":{"start":{"line":254,"column":4},"end":{"line":256,"column":5}},"type":"if","locations":[{"start":{"line":254,"column":4},"end":{"line":256,"column":5}},{"start":{},"end":{}}],"line":254},"23":{"loc":{"start":{"line":264,"column":4},"end":{"line":266,"column":5}},"type":"if","locations":[{"start":{"line":264,"column":4},"end":{"line":266,"column":5}},{"start":{},"end":{}}],"line":264}},"s":{"0":2,"1":2,"2":0,"3":0,"4":0,"5":0,"6":0,"7":0,"8":0,"9":0,"10":0,"11":0,"12":0,"13":0,"14":0,"15":0,"16":0,"17":0,"18":0,"19":0,"20":0,"21":0,"22":0,"23":0,"24":0,"25":0,"26":0,"27":0,"28":0,"29":0,"30":0,"31":0,"32":0,"33":0,"34":0,"35":0,"36":0,"37":0,"38":0,"39":0,"40":0,"41":0,"42":0,"43":0,"44":0,"45":0,"46":0,"47":0,"48":0,"49":0,"50":0,"51":0,"52":0,"53":0,"54":0,"55":0,"56":0,"57":0,"58":0,"59":0,"60":0,"61":0,"62":0,"63":0,"64":0,"65":0,"66":0,"67":0,"68":0,"69":0,"70":2,"71":0,"72":0,"73":0,"74":0,"75":0,"76":0,"77":0,"78":0,"79":0,"80":0,"81":0,"82":0,"83":0,"84":0,"85":0,"86":0,"87":2,"88":0,"89":0,"90":0,"91":0,"92":0,"93":0,"94":0,"95":0,"96":0,"97":0,"98":0,"99":2,"100":0,"101":0,"102":0,"103":0,"104":0,"105":0,"106":0,"107":0,"108":0,"109":0,"110":2},"f":{"0":0,"1":0,"2":0,"3":0,"4":0,"5":0,"6":0,"7":0,"8":0,"9":0,"10":0},"b":{"0":[0],"1":[0],"2":[0,0],"3":[0,0],"4":[0,0],"5":[0,0],"6":[0,0],"7":[0,0],"8":[0,0],"9":[0,0,0,0],"10":[0,0],"11":[0,0],"12":[0,0,0,0],"13":[0,0],"14":[0,0],"15":[0,0],"16":[0,0],"17":[0,0],"18":[0,0],"19":[0,0],"20":[0,0],"21":[0,0],"22":[0,0],"23":[0,0]},"_coverageSchema":"1a1c01bbd47fc00a2c39e90264f33305004495a9","hash":"b983124d49a08813e16b5931904b8718265ede3c"}
,"C:\\Users\\AniruthXiLOQ\\Desktop\\helpdesk-ticket\\helpdesk-backend\\src\\middleware\\admin.middleware.js": {"path":"C:\\Users\\AniruthXiLOQ\\Desktop\\helpdesk-ticket\\helpdesk-backend\\src\\middleware\\admin.middleware.js","statementMap":{"0":{"start":{"line":2,"column":16},"end":{"line":12,"column":3}},"1":{"start":{"line":3,"column":4},"end":{"line":11,"column":5}},"2":{"start":{"line":4,"column":6},"end":{"line":8,"column":7}},"3":{"start":{"line":5,"column":8},"end":{"line":5,"column":15}},"4":{"start":{"line":7,"column":8},"end":{"line":7,"column":70}},"5":{"start":{"line":10,"column":6},"end":{"line":10,"column":62}},"6":{"start":{"line":14,"column":2},"end":{"line":14,"column":27}}},"fnMap":{"0":{"name":"(anonymous_0)","decl":{"start":{"line":2,"column":16},"end":{"line":2,"column":17}},"loc":{"start":{"line":2,"column":42},"end":{"line":12,"column":3}},"line":2}},"branchMap":{"0":{"loc":{"start":{"line":4,"column":6},"end":{"line":8,"column":7}},"type":"if","locations":[{"start":{"line":4,"column":6},"end":{"line":8,"column":7}},{"start":{"line":6,"column":13},"end":{"line":8,"column":7}}],"line":4},"1":{"loc":{"start":{"line":4,"column":10},"end":{"line":4,"column":47}},"type":"binary-expr","locations":[{"start":{"line":4,"column":10},"end":{"line":4,"column":18}},{"start":{"line":4,"column":22},"end":{"line":4,"column":47}}],"line":4}},"s":{"0":2,"1":0,"2":0,"3":0,"4":0,"5":0,"6":2},"f":{"0":0},"b":{"0":[0,0],"1":[0,0]},"_coverageSchema":"1a1c01bbd47fc00a2c39e90264f33305004495a9","hash":"a11306b48389e834b3a5efe4e012e529d31ca0a3"}
,"C:\\Users\\AniruthXiLOQ\\Desktop\\helpdesk-ticket\\helpdesk-backend\\src\\middleware\\auth.middleware.js": {"path":"C:\\Users\\AniruthXiLOQ\\Desktop\\helpdesk-ticket\\helpdesk-backend\\src\\middleware\\auth.middleware.js","statementMap":{"0":{"start":{"line":2,"column":12},"end":{"line":2,"column":35}},"1":{"start":{"line":3,"column":13},"end":{"line":3,"column":44}},"2":{"start":{"line":5,"column":13},"end":{"line":26,"column":1}},"3":{"start":{"line":6,"column":2},"end":{"line":25,"column":3}},"4":{"start":{"line":7,"column":18},"end":{"line":7,"column":69}},"5":{"start":{"line":9,"column":4},"end":{"line":11,"column":5}},"6":{"start":{"line":10,"column":6},"end":{"line":10,"column":24}},"7":{"start":{"line":13,"column":20},"end":{"line":13,"column":61}},"8":{"start":{"line":14,"column":17},"end":{"line":14,"column":52}},"9":{"start":{"line":16,"column":4},"end":{"line":18,"column":5}},"10":{"start":{"line":17,"column":6},"end":{"line":17,"column":24}},"11":{"start":{"line":20,"column":4},"end":{"line":20,"column":20}},"12":{"start":{"line":21,"column":4},"end":{"line":21,"column":22}},"13":{"start":{"line":22,"column":4},"end":{"line":22,"column":11}},"14":{"start":{"line":24,"column":4},"end":{"line":24,"column":60}},"15":{"start":{"line":28,"column":0},"end":{"line":28,"column":22}}},"fnMap":{"0":{"name":"(anonymous_0)","decl":{"start":{"line":5,"column":13},"end":{"line":5,"column":14}},"loc":{"start":{"line":5,"column":39},"end":{"line":26,"column":1}},"line":5}},"branchMap":{"0":{"loc":{"start":{"line":9,"column":4},"end":{"line":11,"column":5}},"type":"if","locations":[{"start":{"line":9,"column":4},"end":{"line":11,"column":5}},{"start":{},"end":{}}],"line":9},"1":{"loc":{"start":{"line":16,"column":4},"end":{"line":18,"column":5}},"type":"if","locations":[{"start":{"line":16,"column":4},"end":{"line":18,"column":5}},{"start":{},"end":{}}],"line":16}},"s":{"0":3,"1":3,"2":3,"3":6,"4":6,"5":6,"6":0,"7":6,"8":6,"9":6,"10":0,"11":6,"12":6,"13":6,"14":0,"15":3},"f":{"0":6},"b":{"0":[0,6],"1":[0,6]},"_coverageSchema":"1a1c01bbd47fc00a2c39e90264f33305004495a9","hash":"aede6cd87e28758d9b1f05b3c0d335cefd67036f"}
,"C:\\Users\\AniruthXiLOQ\\Desktop\\helpdesk-ticket\\helpdesk-backend\\src\\middleware\\upload.middleware.js": {"path":"C:\\Users\\AniruthXiLOQ\\Desktop\\helpdesk-ticket\\helpdesk-backend\\src\\middleware\\upload.middleware.js","statementMap":{"0":{"start":{"line":2,"column":15},"end":{"line":2,"column":32}},"1":{"start":{"line":3,"column":13},"end":{"line":3,"column":28}},"2":{"start":{"line":4,"column":11},"end":{"line":4,"column":24}},"3":{"start":{"line":7,"column":18},"end":{"line":7,"column":27}},"4":{"start":{"line":8,"column":0},"end":{"line":10,"column":1}},"5":{"start":{"line":9,"column":2},"end":{"line":9,"column":47}},"6":{"start":{"line":12,"column":16},"end":{"line":20,"column":2}},"7":{"start":{"line":14,"column":4},"end":{"line":14,"column":24}},"8":{"start":{"line":17,"column":25},"end":{"line":17,"column":75}},"9":{"start":{"line":18,"column":4},"end":{"line":18,"column":61}},"10":{"start":{"line":22,"column":19},"end":{"line":39,"column":1}},"11":{"start":{"line":23,"column":23},"end":{"line":32,"column":3}},"12":{"start":{"line":34,"column":2},"end":{"line":38,"column":3}},"13":{"start":{"line":35,"column":4},"end":{"line":35,"column":19}},"14":{"start":{"line":37,"column":4},"end":{"line":37,"column":96}},"15":{"start":{"line":41,"column":15},"end":{"line":47,"column":2}},"16":{"start":{"line":49,"column":0},"end":{"line":49,"column":24}}},"fnMap":{"0":{"name":"(anonymous_0)","decl":{"start":{"line":13,"column":15},"end":{"line":13,"column":16}},"loc":{"start":{"line":13,"column":34},"end":{"line":15,"column":3}},"line":13},"1":{"name":"(anonymous_1)","decl":{"start":{"line":16,"column":12},"end":{"line":16,"column":13}},"loc":{"start":{"line":16,"column":31},"end":{"line":19,"column":3}},"line":16},"2":{"name":"(anonymous_2)","decl":{"start":{"line":22,"column":19},"end":{"line":22,"column":20}},"loc":{"start":{"line":22,"column":38},"end":{"line":39,"column":1}},"line":22}},"branchMap":{"0":{"loc":{"start":{"line":8,"column":0},"end":{"line":10,"column":1}},"type":"if","locations":[{"start":{"line":8,"column":0},"end":{"line":10,"column":1}},{"start":{},"end":{}}],"line":8},"1":{"loc":{"start":{"line":34,"column":2},"end":{"line":38,"column":3}},"type":"if","locations":[{"start":{"line":34,"column":2},"end":{"line":38,"column":3}},{"start":{"line":36,"column":9},"end":{"line":38,"column":3}}],"line":34}},"s":{"0":2,"1":2,"2":2,"3":2,"4":2,"5":0,"6":2,"7":0,"8":0,"9":0,"10":2,"11":0,"12":0,"13":0,"14":0,"15":2,"16":2},"f":{"0":0,"1":0,"2":0},"b":{"0":[0,2],"1":[0,0]},"_coverageSchema":"1a1c01bbd47fc00a2c39e90264f33305004495a9","hash":"a2c2db630b2319ed19bb64de13ea579f54a5ad52"}
,"C:\\Users\\AniruthXiLOQ\\Desktop\\helpdesk-ticket\\helpdesk-backend\\src\\services\\Email.service.js": {"path":"C:\\Users\\AniruthXiLOQ\\Desktop\\helpdesk-ticket\\helpdesk-backend\\src\\services\\Email.service.js","statementMap":{"0":{"start":{"line":2,"column":19},"end":{"line":2,"column":40}},"1":{"start":{"line":4,"column":20},"end":{"line":12,"column":2}},"2":{"start":{"line":14,"column":31},"end":{"line":30,"column":1}},"3":{"start":{"line":15,"column":19},"end":{"line":15,"column":71}},"4":{"start":{"line":17,"column":22},"end":{"line":27,"column":3}},"5":{"start":{"line":29,"column":2},"end":{"line":29,"column":42}},"6":{"start":{"line":32,"column":0},"end":{"line":34,"column":2}}},"fnMap":{"0":{"name":"(anonymous_0)","decl":{"start":{"line":14,"column":31},"end":{"line":14,"column":32}},"loc":{"start":{"line":14,"column":60},"end":{"line":30,"column":1}},"line":14}},"branchMap":{},"s":{"0":2,"1":2,"2":2,"3":0,"4":0,"5":0,"6":2},"f":{"0":0},"b":{},"_coverageSchema":"1a1c01bbd47fc00a2c39e90264f33305004495a9","hash":"46c18a8d286574ae298e61945acefb8ab321598d"}
}
