TN:
SF:src\controllers\admin.controller.js
FN:7,(anonymous_0)
FN:22,(anonymous_1)
FN:41,(anonymous_2)
FN:56,(anonymous_3)
FN:80,(anonymous_4)
FN:101,(anonymous_5)
FN:114,(anonymous_6)
FN:132,(anonymous_7)
FN:136,(anonymous_8)
FNF:9
FNH:0
FNDA:0,(anonymous_0)
FNDA:0,(anonymous_1)
FNDA:0,(anonymous_2)
FNDA:0,(anonymous_3)
FNDA:0,(anonymous_4)
FNDA:0,(anonymous_5)
FNDA:0,(anonymous_6)
FNDA:0,(anonymous_7)
FNDA:0,(anonymous_8)
DA:2,2
DA:3,2
DA:5,2
DA:8,0
DA:9,0
DA:13,0
DA:14,0
DA:16,0
DA:17,0
DA:23,0
DA:24,0
DA:25,0
DA:26,0
DA:30,0
DA:41,0
DA:42,0
DA:43,0
DA:46,0
DA:51,0
DA:57,0
DA:58,0
DA:59,0
DA:60,0
DA:63,0
DA:69,0
DA:70,0
DA:73,0
DA:75,0
DA:81,0
DA:82,0
DA:84,0
DA:90,0
DA:91,0
DA:94,0
DA:96,0
DA:102,0
DA:103,0
DA:107,0
DA:109,0
DA:115,0
DA:116,0
DA:120,0
DA:131,0
DA:133,0
DA:134,0
DA:137,0
DA:138,0
DA:142,0
DA:143,0
DA:148,2
LF:50
LH:4
BRDA:25,0,0,0
BRDA:25,0,1,0
BRDA:59,1,0,0
BRDA:59,1,1,0
BRDA:69,2,0,0
BRDA:69,2,1,0
BRDA:90,3,0,0
BRDA:90,3,1,0
BRDA:116,4,0,0
BRDA:116,4,1,0
BRF:10
BRH:0
end_of_record
TN:
SF:src\controllers\ticket.controller.js
FN:6,(anonymous_0)
FN:26,(anonymous_1)
FN:72,(anonymous_2)
FN:98,(anonymous_3)
FN:137,(anonymous_4)
FN:161,(anonymous_5)
FN:179,(anonymous_6)
FN:183,(anonymous_7)
FN:195,(anonymous_8)
FN:229,(anonymous_9)
FN:249,(anonymous_10)
FNF:11
FNH:0
FNDA:0,(anonymous_0)
FNDA:0,(anonymous_1)
FNDA:0,(anonymous_2)
FNDA:0,(anonymous_3)
FNDA:0,(anonymous_4)
FNDA:0,(anonymous_5)
FNDA:0,(anonymous_6)
FNDA:0,(anonymous_7)
FNDA:0,(anonymous_8)
FNDA:0,(anonymous_9)
FNDA:0,(anonymous_10)
DA:2,2
DA:4,2
DA:7,0
DA:8,0
DA:13,0
DA:16,0
DA:18,0
DA:20,0
DA:21,0
DA:27,0
DA:28,0
DA:31,0
DA:33,0
DA:34,0
DA:35,0
DA:38,0
DA:39,0
DA:46,0
DA:47,0
DA:53,0
DA:60,0
DA:63,0
DA:66,0
DA:67,0
DA:73,0
DA:74,0
DA:79,0
DA:80,0
DA:84,0
DA:87,0
DA:90,0
DA:92,0
DA:93,0
DA:99,0
DA:100,0
DA:102,0
DA:103,0
DA:107,0
DA:110,0
DA:114,0
DA:115,0
DA:117,0
DA:118,0
DA:121,0
DA:129,0
DA:131,0
DA:132,0
DA:138,0
DA:139,0
DA:141,0
DA:142,0
DA:145,0
DA:150,0
DA:151,0
DA:153,0
DA:155,0
DA:156,0
DA:162,0
DA:163,0
DA:167,0
DA:178,0
DA:180,0
DA:181,0
DA:184,0
DA:185,0
DA:189,0
DA:190,0
DA:195,2
DA:196,0
DA:197,0
DA:198,0
DA:201,0
DA:202,0
DA:203,0
DA:207,0
DA:208,0
DA:209,0
DA:213,0
DA:214,0
DA:215,0
DA:216,0
DA:222,0
DA:223,0
DA:225,0
DA:229,2
DA:230,0
DA:231,0
DA:233,0
DA:234,0
DA:235,0
DA:238,0
DA:239,0
DA:240,0
DA:241,0
DA:243,0
DA:245,0
DA:249,2
DA:250,0
DA:251,0
DA:252,0
DA:254,0
DA:255,0
DA:258,0
DA:264,0
DA:265,0
DA:268,0
DA:270,0
DA:274,2
LF:108
LH:6
BRDA:28,0,0,0
BRDA:28,1,0,0
BRDA:33,2,0,0
BRDA:33,2,1,0
BRDA:34,3,0,0
BRDA:34,3,1,0
BRDA:35,4,0,0
BRDA:35,4,1,0
BRDA:38,5,0,0
BRDA:38,5,1,0
BRDA:46,6,0,0
BRDA:46,6,1,0
BRDA:79,7,0,0
BRDA:79,7,1,0
BRDA:84,8,0,0
BRDA:84,8,1,0
BRDA:84,9,0,0
BRDA:84,9,1,0
BRDA:84,9,2,0
BRDA:84,9,3,0
BRDA:102,10,0,0
BRDA:102,10,1,0
BRDA:107,11,0,0
BRDA:107,11,1,0
BRDA:107,12,0,0
BRDA:107,12,1,0
BRDA:107,12,2,0
BRDA:107,12,3,0
BRDA:114,13,0,0
BRDA:114,13,1,0
BRDA:114,14,0,0
BRDA:114,14,1,0
BRDA:117,15,0,0
BRDA:117,15,1,0
BRDA:117,16,0,0
BRDA:117,16,1,0
BRDA:141,17,0,0
BRDA:141,17,1,0
BRDA:163,18,0,0
BRDA:163,18,1,0
BRDA:202,19,0,0
BRDA:202,19,1,0
BRDA:208,20,0,0
BRDA:208,20,1,0
BRDA:234,21,0,0
BRDA:234,21,1,0
BRDA:254,22,0,0
BRDA:254,22,1,0
BRDA:264,23,0,0
BRDA:264,23,1,0
BRF:50
BRH:0
end_of_record
TN:
SF:src\middleware\admin.middleware.js
FN:2,(anonymous_0)
FNF:1
FNH:0
FNDA:0,(anonymous_0)
DA:2,2
DA:3,0
DA:4,0
DA:5,0
DA:7,0
DA:10,0
DA:14,2
LF:7
LH:2
BRDA:4,0,0,0
BRDA:4,0,1,0
BRDA:4,1,0,0
BRDA:4,1,1,0
BRF:4
BRH:0
end_of_record
TN:
SF:src\middleware\auth.middleware.js
FN:5,(anonymous_0)
FNF:1
FNH:1
FNDA:6,(anonymous_0)
DA:2,3
DA:3,3
DA:5,3
DA:6,6
DA:7,6
DA:9,6
DA:10,0
DA:13,6
DA:14,6
DA:16,6
DA:17,0
DA:20,6
DA:21,6
DA:22,6
DA:24,0
DA:28,3
LF:16
LH:13
BRDA:9,0,0,0
BRDA:9,0,1,6
BRDA:16,1,0,0
BRDA:16,1,1,6
BRF:4
BRH:2
end_of_record
TN:
SF:src\middleware\upload.middleware.js
FN:13,(anonymous_0)
FN:16,(anonymous_1)
FN:22,(anonymous_2)
FNF:3
FNH:0
FNDA:0,(anonymous_0)
FNDA:0,(anonymous_1)
FNDA:0,(anonymous_2)
DA:2,2
DA:3,2
DA:4,2
DA:7,2
DA:8,2
DA:9,0
DA:12,2
DA:14,0
DA:17,0
DA:18,0
DA:22,2
DA:23,0
DA:34,0
DA:35,0
DA:37,0
DA:41,2
DA:49,2
LF:17
LH:9
BRDA:8,0,0,0
BRDA:8,0,1,2
BRDA:34,1,0,0
BRDA:34,1,1,0
BRF:4
BRH:1
end_of_record
TN:
SF:src\services\Email.service.js
FN:14,(anonymous_0)
FNF:1
FNH:0
FNDA:0,(anonymous_0)
DA:2,2
DA:4,2
DA:14,2
DA:15,0
DA:17,0
DA:29,0
DA:32,2
LF:7
LH:4
BRF:0
BRH:0
end_of_record
